25-05-08.16:34:15.068 [main            ] INFO  Application            - Starting Application using Java 17.0.9 with PID 35096 (E:\projects\ai-rag-knowledge\app\target\classes started by roxy in E:\projects\ai-rag-knowledge)
25-05-08.16:34:15.069 [main            ] INFO  Application            - The following 1 profile is active: "dev"
25-05-08.16:34:16.108 [main            ] INFO  RepositoryConfigurationDelegate - Multiple Spring Data modules found, entering strict repository configuration mode
25-05-08.16:34:16.116 [main            ] INFO  RepositoryConfigurationDelegate - Bootstrapping Spring Data Redis repositories in DEFAULT mode.
25-05-08.16:34:16.154 [main            ] INFO  RepositoryConfigurationDelegate - Finished Spring Data repository scanning in 18 ms. Found 0 Redis repository interfaces.
25-05-08.16:34:16.776 [main            ] INFO  TomcatWebServer        - Tomcat initialized with port 8090 (http)
25-05-08.16:34:16.786 [main            ] INFO  Http11NioProtocol      - Initializing ProtocolHandler ["http-nio-8090"]
25-05-08.16:34:16.788 [main            ] INFO  StandardService        - Starting service [Tomcat]
25-05-08.16:34:16.788 [main            ] INFO  StandardEngine         - Starting Servlet engine: [Apache Tomcat/10.1.19]
25-05-08.16:34:16.871 [main            ] INFO  [/]                    - Initializing Spring embedded WebApplicationContext
25-05-08.16:34:16.872 [main            ] INFO  ServletWebServerApplicationContext - Root WebApplicationContext: initialization completed in 1491 ms
25-05-08.16:34:17.175 [main            ] INFO  HikariDataSource       - HikariCP - Starting...
25-05-08.16:34:17.280 [main            ] INFO  HikariPool             - HikariCP - Added connection org.postgresql.jdbc.PgConnection@7a7f9d45
25-05-08.16:34:17.281 [main            ] INFO  HikariDataSource       - HikariCP - Start completed.
25-05-08.16:34:17.834 [main            ] INFO  Version                - Redisson 3.44.0
25-05-08.16:34:18.166 [redisson-netty-1-4] INFO  ConnectionsHolder      - 1 connections initialized for 127.0.0.1/127.0.0.1:16379
25-05-08.16:34:18.193 [redisson-netty-1-13] INFO  ConnectionsHolder      - 5 connections initialized for 127.0.0.1/127.0.0.1:16379
25-05-08.16:34:19.147 [main            ] INFO  Http11NioProtocol      - Starting ProtocolHandler ["http-nio-8090"]
25-05-08.16:34:19.155 [main            ] INFO  TomcatWebServer        - Tomcat started on port 8090 (http) with context path ''
25-05-08.16:34:19.161 [main            ] INFO  Application            - Started Application in 4.55 seconds (process running for 5.281)
25-05-08.16:36:02.014 [http-nio-8090-exec-2] INFO  [/]                    - Initializing Spring DispatcherServlet 'dispatcherServlet'
25-05-08.16:36:02.015 [http-nio-8090-exec-2] INFO  DispatcherServlet      - Initializing Servlet 'dispatcherServlet'
25-05-08.16:36:02.016 [http-nio-8090-exec-2] INFO  DispatcherServlet      - Completed initialization in 1 ms
25-05-08.17:16:03.967 [SpringApplicationShutdownHook] INFO  HikariDataSource       - HikariCP - Shutdown initiated...
25-05-08.17:16:03.969 [SpringApplicationShutdownHook] INFO  HikariDataSource       - HikariCP - Shutdown completed.
25-05-08.17:16:46.389 [main            ] INFO  Application            - Starting Application using Java 17.0.9 with PID 42180 (E:\projects\ai-rag-knowledge\app\target\classes started by roxy in E:\projects\ai-rag-knowledge)
25-05-08.17:16:46.391 [main            ] INFO  Application            - The following 1 profile is active: "dev"
25-05-08.17:16:47.059 [main            ] INFO  RepositoryConfigurationDelegate - Multiple Spring Data modules found, entering strict repository configuration mode
25-05-08.17:16:47.061 [main            ] INFO  RepositoryConfigurationDelegate - Bootstrapping Spring Data Redis repositories in DEFAULT mode.
25-05-08.17:16:47.084 [main            ] INFO  RepositoryConfigurationDelegate - Finished Spring Data repository scanning in 10 ms. Found 0 Redis repository interfaces.
25-05-08.17:16:47.672 [main            ] INFO  TomcatWebServer        - Tomcat initialized with port 8090 (http)
25-05-08.17:16:47.682 [main            ] INFO  Http11NioProtocol      - Initializing ProtocolHandler ["http-nio-8090"]
25-05-08.17:16:47.683 [main            ] INFO  StandardService        - Starting service [Tomcat]
25-05-08.17:16:47.683 [main            ] INFO  StandardEngine         - Starting Servlet engine: [Apache Tomcat/10.1.19]
25-05-08.17:16:47.752 [main            ] INFO  [/]                    - Initializing Spring embedded WebApplicationContext
25-05-08.17:16:47.752 [main            ] INFO  ServletWebServerApplicationContext - Root WebApplicationContext: initialization completed in 1173 ms
25-05-08.17:16:48.080 [main            ] INFO  HikariDataSource       - HikariCP - Starting...
25-05-08.17:16:48.186 [main            ] INFO  HikariPool             - HikariCP - Added connection org.postgresql.jdbc.PgConnection@c82ad22
25-05-08.17:16:48.187 [main            ] INFO  HikariDataSource       - HikariCP - Start completed.
25-05-08.17:16:49.270 [main            ] INFO  Version                - Redisson 3.44.0
25-05-08.17:16:49.560 [redisson-netty-1-4] INFO  ConnectionsHolder      - 1 connections initialized for 127.0.0.1/127.0.0.1:16379
25-05-08.17:16:49.576 [redisson-netty-1-13] INFO  ConnectionsHolder      - 5 connections initialized for 127.0.0.1/127.0.0.1:16379
25-05-08.17:16:50.047 [main            ] INFO  Http11NioProtocol      - Starting ProtocolHandler ["http-nio-8090"]
25-05-08.17:16:50.055 [main            ] INFO  TomcatWebServer        - Tomcat started on port 8090 (http) with context path ''
25-05-08.17:16:50.061 [main            ] INFO  Application            - Started Application in 4.142 seconds (process running for 5.285)
25-05-08.17:16:53.891 [http-nio-8090-exec-2] INFO  [/]                    - Initializing Spring DispatcherServlet 'dispatcherServlet'
25-05-08.17:16:53.891 [http-nio-8090-exec-2] INFO  DispatcherServlet      - Initializing Servlet 'dispatcherServlet'
25-05-08.17:16:53.892 [http-nio-8090-exec-2] INFO  DispatcherServlet      - Completed initialization in 1 ms
25-05-08.17:21:29.007 [HikariCP housekeeper] WARN  HikariPool             - HikariCP - Thread starvation or clock leap detected (housekeeper delta=4m40s704ms728µs300ns).
25-05-08.17:21:29.139 [SpringApplicationShutdownHook] INFO  HikariDataSource       - HikariCP - Shutdown initiated...
25-05-08.17:21:29.142 [SpringApplicationShutdownHook] INFO  HikariDataSource       - HikariCP - Shutdown completed.
25-05-08.17:21:35.310 [main            ] INFO  Application            - Starting Application using Java 17.0.9 with PID 21236 (E:\projects\ai-rag-knowledge\app\target\classes started by roxy in E:\projects\ai-rag-knowledge)
25-05-08.17:21:35.311 [main            ] INFO  Application            - The following 1 profile is active: "dev"
25-05-08.17:21:35.954 [main            ] INFO  RepositoryConfigurationDelegate - Multiple Spring Data modules found, entering strict repository configuration mode
25-05-08.17:21:35.956 [main            ] INFO  RepositoryConfigurationDelegate - Bootstrapping Spring Data Redis repositories in DEFAULT mode.
25-05-08.17:21:35.979 [main            ] INFO  RepositoryConfigurationDelegate - Finished Spring Data repository scanning in 10 ms. Found 0 Redis repository interfaces.
25-05-08.17:21:36.513 [main            ] INFO  TomcatWebServer        - Tomcat initialized with port 8090 (http)
25-05-08.17:21:36.522 [main            ] INFO  Http11NioProtocol      - Initializing ProtocolHandler ["http-nio-8090"]
25-05-08.17:21:36.524 [main            ] INFO  StandardService        - Starting service [Tomcat]
25-05-08.17:21:36.524 [main            ] INFO  StandardEngine         - Starting Servlet engine: [Apache Tomcat/10.1.19]
25-05-08.17:21:36.592 [main            ] INFO  [/]                    - Initializing Spring embedded WebApplicationContext
25-05-08.17:21:36.592 [main            ] INFO  ServletWebServerApplicationContext - Root WebApplicationContext: initialization completed in 1127 ms
25-05-08.17:21:36.864 [main            ] INFO  HikariDataSource       - HikariCP - Starting...
25-05-08.17:21:36.969 [main            ] INFO  HikariPool             - HikariCP - Added connection org.postgresql.jdbc.PgConnection@49cceb19
25-05-08.17:21:36.970 [main            ] INFO  HikariDataSource       - HikariCP - Start completed.
25-05-08.17:21:37.514 [main            ] INFO  Version                - Redisson 3.44.0
25-05-08.17:21:37.795 [redisson-netty-1-4] INFO  ConnectionsHolder      - 1 connections initialized for 127.0.0.1/127.0.0.1:16379
25-05-08.17:21:37.809 [redisson-netty-1-13] INFO  ConnectionsHolder      - 5 connections initialized for 127.0.0.1/127.0.0.1:16379
25-05-08.17:21:38.267 [main            ] INFO  Http11NioProtocol      - Starting ProtocolHandler ["http-nio-8090"]
25-05-08.17:21:38.275 [main            ] INFO  TomcatWebServer        - Tomcat started on port 8090 (http) with context path ''
25-05-08.17:21:38.281 [main            ] INFO  Application            - Started Application in 3.444 seconds (process running for 4.14)
25-05-08.17:21:42.330 [http-nio-8090-exec-2] INFO  [/]                    - Initializing Spring DispatcherServlet 'dispatcherServlet'
25-05-08.17:21:42.330 [http-nio-8090-exec-2] INFO  DispatcherServlet      - Initializing Servlet 'dispatcherServlet'
25-05-08.17:21:42.331 [http-nio-8090-exec-2] INFO  DispatcherServlet      - Completed initialization in 1 ms
25-05-08.17:25:03.270 [HikariCP housekeeper] WARN  HikariPool             - HikariCP - Thread starvation or clock leap detected (housekeeper delta=3m26s191ms203µs400ns).
25-05-08.17:25:03.408 [SpringApplicationShutdownHook] INFO  HikariDataSource       - HikariCP - Shutdown initiated...
25-05-08.17:25:03.411 [SpringApplicationShutdownHook] INFO  HikariDataSource       - HikariCP - Shutdown completed.
25-05-08.17:25:09.236 [main            ] INFO  Application            - Starting Application using Java 17.0.9 with PID 42552 (E:\projects\ai-rag-knowledge\app\target\classes started by roxy in E:\projects\ai-rag-knowledge)
25-05-08.17:25:09.237 [main            ] INFO  Application            - The following 1 profile is active: "dev"
25-05-08.17:25:09.867 [main            ] INFO  RepositoryConfigurationDelegate - Multiple Spring Data modules found, entering strict repository configuration mode
25-05-08.17:25:09.869 [main            ] INFO  RepositoryConfigurationDelegate - Bootstrapping Spring Data Redis repositories in DEFAULT mode.
25-05-08.17:25:09.891 [main            ] INFO  RepositoryConfigurationDelegate - Finished Spring Data repository scanning in 10 ms. Found 0 Redis repository interfaces.
25-05-08.17:25:10.461 [main            ] INFO  TomcatWebServer        - Tomcat initialized with port 8090 (http)
25-05-08.17:25:10.470 [main            ] INFO  Http11NioProtocol      - Initializing ProtocolHandler ["http-nio-8090"]
25-05-08.17:25:10.472 [main            ] INFO  StandardService        - Starting service [Tomcat]
25-05-08.17:25:10.472 [main            ] INFO  StandardEngine         - Starting Servlet engine: [Apache Tomcat/10.1.19]
25-05-08.17:25:10.546 [main            ] INFO  [/]                    - Initializing Spring embedded WebApplicationContext
25-05-08.17:25:10.546 [main            ] INFO  ServletWebServerApplicationContext - Root WebApplicationContext: initialization completed in 1145 ms
25-05-08.17:25:10.856 [main            ] INFO  HikariDataSource       - HikariCP - Starting...
25-05-08.17:25:10.963 [main            ] INFO  HikariPool             - HikariCP - Added connection org.postgresql.jdbc.PgConnection@3b56947a
25-05-08.17:25:10.964 [main            ] INFO  HikariDataSource       - HikariCP - Start completed.
25-05-08.17:25:11.534 [main            ] INFO  Version                - Redisson 3.44.0
25-05-08.17:25:11.817 [redisson-netty-1-4] INFO  ConnectionsHolder      - 1 connections initialized for 127.0.0.1/127.0.0.1:16379
25-05-08.17:25:11.832 [redisson-netty-1-13] INFO  ConnectionsHolder      - 5 connections initialized for 127.0.0.1/127.0.0.1:16379
25-05-08.17:25:12.325 [main            ] INFO  Http11NioProtocol      - Starting ProtocolHandler ["http-nio-8090"]
25-05-08.17:25:12.333 [main            ] INFO  TomcatWebServer        - Tomcat started on port 8090 (http) with context path ''
25-05-08.17:25:12.339 [main            ] INFO  Application            - Started Application in 3.568 seconds (process running for 4.224)
25-05-08.17:25:38.552 [http-nio-8090-exec-2] INFO  [/]                    - Initializing Spring DispatcherServlet 'dispatcherServlet'
25-05-08.17:25:38.553 [http-nio-8090-exec-2] INFO  DispatcherServlet      - Initializing Servlet 'dispatcherServlet'
25-05-08.17:25:38.553 [http-nio-8090-exec-2] INFO  DispatcherServlet      - Completed initialization in 0 ms
25-05-08.17:25:44.536 [SpringApplicationShutdownHook] INFO  HikariDataSource       - HikariCP - Shutdown initiated...
25-05-08.17:25:44.540 [SpringApplicationShutdownHook] INFO  HikariDataSource       - HikariCP - Shutdown completed.
25-05-08.17:25:48.168 [main            ] INFO  Application            - Starting Application using Java 17.0.9 with PID 32652 (E:\projects\ai-rag-knowledge\app\target\classes started by roxy in E:\projects\ai-rag-knowledge)
25-05-08.17:25:48.170 [main            ] INFO  Application            - The following 1 profile is active: "dev"
25-05-08.17:25:48.745 [main            ] INFO  RepositoryConfigurationDelegate - Multiple Spring Data modules found, entering strict repository configuration mode
25-05-08.17:25:48.747 [main            ] INFO  RepositoryConfigurationDelegate - Bootstrapping Spring Data Redis repositories in DEFAULT mode.
25-05-08.17:25:48.771 [main            ] INFO  RepositoryConfigurationDelegate - Finished Spring Data repository scanning in 11 ms. Found 0 Redis repository interfaces.
25-05-08.17:25:49.252 [main            ] INFO  TomcatWebServer        - Tomcat initialized with port 8090 (http)
25-05-08.17:25:49.265 [main            ] INFO  Http11NioProtocol      - Initializing ProtocolHandler ["http-nio-8090"]
25-05-08.17:25:49.267 [main            ] INFO  StandardService        - Starting service [Tomcat]
25-05-08.17:25:49.267 [main            ] INFO  StandardEngine         - Starting Servlet engine: [Apache Tomcat/10.1.19]
25-05-08.17:25:49.328 [main            ] INFO  [/]                    - Initializing Spring embedded WebApplicationContext
25-05-08.17:25:49.329 [main            ] INFO  ServletWebServerApplicationContext - Root WebApplicationContext: initialization completed in 1016 ms
25-05-08.17:25:49.576 [main            ] INFO  HikariDataSource       - HikariCP - Starting...
25-05-08.17:25:49.664 [main            ] INFO  HikariPool             - HikariCP - Added connection org.postgresql.jdbc.PgConnection@3d718248
25-05-08.17:25:49.666 [main            ] INFO  HikariDataSource       - HikariCP - Start completed.
25-05-08.17:25:50.181 [main            ] INFO  Version                - Redisson 3.44.0
25-05-08.17:25:50.477 [redisson-netty-1-4] INFO  ConnectionsHolder      - 1 connections initialized for 127.0.0.1/127.0.0.1:16379
25-05-08.17:25:50.503 [redisson-netty-1-13] INFO  ConnectionsHolder      - 5 connections initialized for 127.0.0.1/127.0.0.1:16379
25-05-08.17:25:50.953 [main            ] INFO  Http11NioProtocol      - Starting ProtocolHandler ["http-nio-8090"]
25-05-08.17:25:50.961 [main            ] INFO  TomcatWebServer        - Tomcat started on port 8090 (http) with context path ''
25-05-08.17:25:50.967 [main            ] INFO  Application            - Started Application in 3.262 seconds (process running for 3.858)
25-05-08.17:25:54.778 [http-nio-8090-exec-1] INFO  [/]                    - Initializing Spring DispatcherServlet 'dispatcherServlet'
25-05-08.17:25:54.778 [http-nio-8090-exec-1] INFO  DispatcherServlet      - Initializing Servlet 'dispatcherServlet'
25-05-08.17:25:54.779 [http-nio-8090-exec-1] INFO  DispatcherServlet      - Completed initialization in 1 ms
25-05-08.17:28:43.032 [SpringApplicationShutdownHook] INFO  HikariDataSource       - HikariCP - Shutdown initiated...
25-05-08.17:28:43.034 [SpringApplicationShutdownHook] INFO  HikariDataSource       - HikariCP - Shutdown completed.
